#
# A fatal error has been detected by the Java Runtime Environment:
#
#  EXCEPTION_ACCESS_VIOLATION (0xc0000005) at pc=0x00000000044019dd, pid=15956, tid=0x000000000000435c
#
# JRE version: Java(TM) SE Runtime Environment (8.0_121-b13) (build 1.8.0_121-b13)
# Java VM: Java HotSpot(TM) 64-Bit Server VM (25.121-b13 mixed mode windows-amd64 compressed oops)
# Problematic frame:
# J 12069 C1 com.android.tools.r8.ir.regalloc.a.d(Lcom/android/tools/r8/ir/regalloc/a;)I (103 bytes) @ 0x00000000044019dd [0x0000000004401220+0x7bd]
#
# Failed to write core dump. Minidumps are not enabled by default on client versions of Windows
#
# If you would like to submit a bug report, please visit:
#   http://bugreport.java.com/bugreport/crash.jsp
#

---------------  T H R E A D  ---------------

Current thread (0x000000002b16b000):  JavaThread "Execution worker for ':' Thread 5" [_thread_in_Java, id=17244, stack(0x0000000027990000,0x0000000027a90000)]

siginfo: ExceptionCode=0xc0000005, reading address 0xffffffffffffffff

Registers:
RAX=0x00000000ed8ad228, RBX=0x0000000100b27268, RCX=0x0000000000013487, RDX=0x00000000edc72428
RSP=0x0000000027a8a160, RBP=0x00000000f574b880, RSI=0x0000000100b27268, RDI=0x000000002d4f22c0
R8 =0x0000000000000002, R9 =0x00000000edc69c38, R10=0x00000000ed8ad228, R11=0x0000000000000003
R12=0x0000000000000000, R13=0x00000000edc722d8, R14=0x0000000000000014, R15=0x000000002b16b000
RIP=0x00000000044019dd, EFLAGS=0x0000000000010246

Top of Stack: (sp=0x0000000027a8a160)
0x0000000027a8a160:   00000000f574b880 000000000452d75c
0x0000000027a8a170:   0000000000000020 0000000000000020
0x0000000027a8a180:   00000000ed8ac140 00000000edc72428
0x0000000027a8a190:   00000000edc69c20 00000000edc72448
0x0000000027a8a1a0:   00000000edc69c20 00000000ed8ac350
0x0000000027a8a1b0:   0000000000000012 00000000edc71a78
0x0000000027a8a1c0:   00000000f574b880 0000000004d2f3b4
0x0000000027a8a1d0:   000000000000081a 000000002d36d100
0x0000000027a8a1e0:   00000000edc5c020 0000001000000153
0x0000000027a8a1f0:   0000000057993ab0 00000000edc5fa68
0x0000000027a8a200:   00000000f574b880 0000000004e463fc
0x0000000027a8a210:   00000000edc5fa68 00000000edc5faa0
0x0000000027a8a220:   00000000edc5fb20 00000000041afd00
0x0000000027a8a230:   00000000edc5faa0 0000000057993ab0
0x0000000027a8a240:   00000000edc5fa68 00000000a001db20
0x0000000027a8a250:   00000000edc5fb10 00000000edc5d3f8 

Instructions: (pc=0x00000000044019dd)
0x00000000044019bd:   3b de 0f 85 8a 00 00 00 48 bf c0 22 4f 2d 00 00
0x00000000044019cd:   00 00 8b 58 08 48 c1 e3 03 48 3b 9f 20 03 00 00
0x00000000044019dd:   75 0d 48 83 87 28 03 00 00 01 e9 7f 00 00 00 48
0x00000000044019ed:   3b 9f 30 03 00 00 75 0d 48 83 87 38 03 00 00 01 


Register to memory mapping:

RAX=0x00000000ed8ad228 is an oop
com.android.tools.r8.ir.regalloc.c 
 - klass: 'com/android/tools/r8/ir/regalloc/c'
RBX=0x0000000100b27268 is pointing into metadata
RCX=0x0000000000013487 is an unknown value
RDX=0x00000000edc72428 is an oop
java.util.ArrayList$Itr 
 - klass: 'java/util/ArrayList$Itr'
RSP=0x0000000027a8a160 is pointing into the stack for thread: 0x000000002b16b000
RBP=0x00000000f574b880 is an oop
com.android.tools.r8.u.c.N 
 - klass: 'com/android/tools/r8/u/c/N'
RSI=0x0000000100b27268 is pointing into metadata
RDI=0x000000002d4f22c0 is pointing into metadata
R8 =0x0000000000000002 is an unknown value
R9 =0x00000000edc69c38 is an oop
[Ljava.lang.Object; 
 - klass: 'java/lang/Object'[]
 - length: 10
R10=0x00000000ed8ad228 is an oop
com.android.tools.r8.ir.regalloc.c 
 - klass: 'com/android/tools/r8/ir/regalloc/c'
R11=0x0000000000000003 is an unknown value
R12=0x0000000000000000 is an unknown value
R13=0x00000000edc722d8 is an oop
[I 
 - klass: {type array int}
 - length: 32
R14=0x0000000000000014 is an unknown value
R15=0x000000002b16b000 is a thread


Stack: [0x0000000027990000,0x0000000027a90000],  sp=0x0000000027a8a160,  free space=1000k
Native frames: (J=compiled Java code, j=interpreted, Vv=VM code, C=native code)
C  0x00000000044019dd


---------------  P R O C E S S  ---------------

Java Threads: ( => current thread )
  0x0000000033fe2800 JavaThread "ForkJoinPool.commonPool-worker-15" daemon [_thread_blocked, id=15888, stack(0x0000000035150000,0x0000000035250000)]
  0x0000000033fe2000 JavaThread "ForkJoinPool.commonPool-worker-4" daemon [_thread_blocked, id=5960, stack(0x0000000035050000,0x0000000035150000)]
  0x0000000033fe4000 JavaThread "ForkJoinPool.commonPool-worker-11" daemon [_thread_blocked, id=14688, stack(0x0000000034f50000,0x0000000035050000)]
  0x0000000033fde000 JavaThread "ForkJoinPool.commonPool-worker-2" daemon [_thread_blocked, id=21092, stack(0x0000000034e50000,0x0000000034f50000)]
  0x00000000222ba000 JavaThread "ForkJoinPool.commonPool-worker-9" daemon [_thread_blocked, id=17880, stack(0x0000000034d50000,0x0000000034e50000)]
  0x00000000222bb800 JavaThread "ForkJoinPool.commonPool-worker-0" daemon [_thread_blocked, id=18868, stack(0x0000000034c50000,0x0000000034d50000)]
  0x00000000222c0000 JavaThread "ForkJoinPool.commonPool-worker-7" daemon [_thread_blocked, id=5880, stack(0x0000000034b50000,0x0000000034c50000)]
  0x00000000222bd800 JavaThread "ForkJoinPool.commonPool-worker-14" daemon [_thread_blocked, id=17848, stack(0x0000000034a50000,0x0000000034b50000)]
  0x00000000222ba800 JavaThread "ForkJoinPool.commonPool-worker-5" daemon [_thread_blocked, id=19488, stack(0x0000000034950000,0x0000000034a50000)]
  0x00000000222bd000 JavaThread "ForkJoinPool.commonPool-worker-12" daemon [_thread_blocked, id=12728, stack(0x0000000034850000,0x0000000034950000)]
  0x00000000222bf000 JavaThread "ForkJoinPool.commonPool-worker-3" daemon [_thread_blocked, id=664, stack(0x0000000034750000,0x0000000034850000)]
  0x00000000222be800 JavaThread "ForkJoinPool.commonPool-worker-10" daemon [_thread_blocked, id=8032, stack(0x0000000034650000,0x0000000034750000)]
  0x00000000222c0800 JavaThread "ForkJoinPool.commonPool-worker-1" daemon [_thread_blocked, id=15728, stack(0x0000000031d90000,0x0000000031e90000)]
  0x00000000222bc000 JavaThread "ForkJoinPool-7-worker-5" daemon [_thread_blocked, id=19444, stack(0x0000000030590000,0x0000000030690000)]
  0x000000001d357800 JavaThread "WorkerExecutor Queue Thread 10" [_thread_blocked, id=17808, stack(0x000000002bb00000,0x000000002bc00000)]
  0x0000000029ffb000 JavaThread "Cache worker for Java compile cache (F:\CBR\lixiaomodel\.gradle\5.6.4\javaCompile)" [_thread_blocked, id=292, stack(0x0000000031ea0000,0x0000000031fa0000)]
  0x0000000029ffe800 JavaThread "Cache worker for Java compile cache (C:\Users\Administrator\.gradle\caches\5.6.4\javaCompile)" [_thread_blocked, id=15356, stack(0x0000000031fb0000,0x00000000320b0000)]
  0x0000000029ff9800 JavaThread "WorkerExecutor Queue Thread 9" [_thread_blocked, id=15600, stack(0x0000000031c90000,0x0000000031d90000)]
  0x0000000029ffd000 JavaThread "Java2D Disposer" daemon [_thread_blocked, id=13392, stack(0x0000000031b90000,0x0000000031c90000)]
  0x0000000029fff800 JavaThread "WorkerExecutor Queue Thread 8" [_thread_blocked, id=12428, stack(0x0000000031890000,0x0000000031990000)]
  0x0000000029ffa000 JavaThread "WorkerExecutor Queue Thread 7" [_thread_blocked, id=7372, stack(0x0000000031790000,0x0000000031890000)]
  0x0000000029ffe000 JavaThread "WorkerExecutor Queue Thread 6" [_thread_blocked, id=17996, stack(0x0000000031690000,0x0000000031790000)]
  0x0000000029ff2000 JavaThread "WorkerExecutor Queue Thread 5" [_thread_blocked, id=11084, stack(0x0000000031590000,0x0000000031690000)]
  0x0000000029ff7000 JavaThread "stdout" daemon [_thread_in_native, id=14036, stack(0x0000000031490000,0x0000000031590000)]
  0x0000000029ff5800 JavaThread "stderr" daemon [_thread_in_native, id=12648, stack(0x0000000031390000,0x0000000031490000)]
  0x0000000029ff5000 JavaThread "stdout" daemon [_thread_in_native, id=15968, stack(0x0000000031290000,0x0000000031390000)]
  0x0000000029ff6800 JavaThread "stderr" daemon [_thread_in_native, id=18784, stack(0x0000000031190000,0x0000000031290000)]
  0x0000000029ff8800 JavaThread "stdout" daemon [_thread_in_native, id=7380, stack(0x0000000031090000,0x0000000031190000)]
  0x0000000029ff4000 JavaThread "stderr" daemon [_thread_in_native, id=14208, stack(0x0000000030f90000,0x0000000031090000)]
  0x0000000029ff2800 JavaThread "stdout" daemon [_thread_in_native, id=13244, stack(0x0000000030e90000,0x0000000030f90000)]
  0x0000000029ff8000 JavaThread "stderr" daemon [_thread_in_native, id=10636, stack(0x0000000030d90000,0x0000000030e90000)]
  0x0000000029ff3800 JavaThread "stdout" daemon [_thread_in_native, id=9704, stack(0x0000000030c90000,0x0000000030d90000)]
  0x000000001d4a5800 JavaThread "stderr" daemon [_thread_in_native, id=20744, stack(0x0000000030b90000,0x0000000030c90000)]
  0x000000001d4a6800 JavaThread "stdout" daemon [_thread_in_native, id=18680, stack(0x0000000030a90000,0x0000000030b90000)]
  0x000000001d4a5000 JavaThread "stderr" daemon [_thread_in_native, id=16888, stack(0x0000000030990000,0x0000000030a90000)]
  0x000000001d4ab000 JavaThread "ForkJoinPool-7-worker-0" daemon [_thread_blocked, id=18056, stack(0x0000000030890000,0x0000000030990000)]
  0x000000001d4a8000 JavaThread "ForkJoinPool-7-worker-7" daemon [_thread_blocked, id=14496, stack(0x0000000030790000,0x0000000030890000)]
  0x000000001d4a4000 JavaThread "ForkJoinPool-7-worker-6" daemon [_thread_blocked, id=7204, stack(0x0000000030690000,0x0000000030790000)]
  0x000000001d35d000 JavaThread "ForkJoinPool-7-worker-4" daemon [_thread_blocked, id=12320, stack(0x0000000030490000,0x0000000030590000)]
  0x000000001d35c000 JavaThread "ForkJoinPool-7-worker-3" daemon [_thread_blocked, id=13520, stack(0x0000000030390000,0x0000000030490000)]
  0x000000001d35b800 JavaThread "ForkJoinPool-7-worker-2" daemon [_thread_blocked, id=15212, stack(0x0000000030290000,0x0000000030390000)]
  0x000000001d359000 JavaThread "ForkJoinPool-7-worker-1" daemon [_thread_blocked, id=10480, stack(0x0000000030190000,0x0000000030290000)]
  0x000000001d35a000 JavaThread "WorkerExecutor Queue Thread 4" [_thread_blocked, id=19848, stack(0x0000000030090000,0x0000000030190000)]
  0x000000001d350000 JavaThread "stdout" [_thread_in_native, id=5104, stack(0x000000002e700000,0x000000002e800000)]
  0x000000001d356000 JavaThread "stderr" [_thread_in_native, id=20528, stack(0x000000002d580000,0x000000002d680000)]
  0x000000001d352800 JavaThread "stdout" [_thread_in_native, id=1400, stack(0x000000002d060000,0x000000002d160000)]
  0x000000001d351800 JavaThread "stderr" [_thread_in_native, id=10392, stack(0x000000002cf60000,0x000000002d060000)]
  0x000000001d351000 JavaThread "pool-18-thread-1" [_thread_blocked, id=15860, stack(0x000000002ce60000,0x000000002cf60000)]
  0x000000001d357000 JavaThread "WorkerExecutor Queue Thread 3" [_thread_blocked, id=17084, stack(0x000000002bd00000,0x000000002be00000)]
  0x000000001d354000 JavaThread "WorkerExecutor Queue Thread 2" [_thread_blocked, id=1116, stack(0x000000002bc00000,0x000000002bd00000)]
  0x000000002b179800 JavaThread "Cache worker for execution history cache (F:\CBR\lixiaomodel\.gradle\5.6.4\executionHistory)" [_thread_blocked, id=15144, stack(0x0000000028490000,0x0000000028590000)]
  0x000000002b177000 JavaThread "Execution worker for ':' Thread 15" [_thread_blocked, id=14584, stack(0x0000000028390000,0x0000000028490000)]
  0x000000002b176800 JavaThread "Execution worker for ':' Thread 14" [_thread_blocked, id=8372, stack(0x0000000028290000,0x0000000028390000)]
  0x000000002b16e800 JavaThread "Execution worker for ':' Thread 13" [_thread_in_vm, id=19872, stack(0x0000000028190000,0x0000000028290000)]
  0x000000002b175800 JavaThread "Execution worker for ':' Thread 12" [_thread_blocked, id=10672, stack(0x0000000028090000,0x0000000028190000)]
  0x000000002b175000 JavaThread "Execution worker for ':' Thread 11" [_thread_blocked, id=7352, stack(0x0000000027f90000,0x0000000028090000)]
  0x000000002b173000 JavaThread "Execution worker for ':' Thread 10" [_thread_blocked, id=2624, stack(0x0000000027e90000,0x0000000027f90000)]
  0x000000002b16b800 JavaThread "Execution worker for ':' Thread 9" [_thread_blocked, id=20968, stack(0x0000000027d90000,0x0000000027e90000)]
  0x000000002b172800 JavaThread "Execution worker for ':' Thread 8" [_thread_blocked, id=12856, stack(0x0000000027c90000,0x0000000027d90000)]
  0x000000002b171800 JavaThread "Execution worker for ':' Thread 7" [_thread_in_vm, id=12704, stack(0x0000000027b90000,0x0000000027c90000)]
  0x000000002b171000 JavaThread "Execution worker for ':' Thread 6" [_thread_in_vm, id=20864, stack(0x0000000027a90000,0x0000000027b90000)]
=>0x000000002b16b000 JavaThread "Execution worker for ':' Thread 5" [_thread_in_Java, id=17244, stack(0x0000000027990000,0x0000000027a90000)]
  0x000000002b170000 JavaThread "Execution worker for ':' Thread 4" [_thread_blocked, id=12052, stack(0x0000000027890000,0x0000000027990000)]
  0x000000002b16c800 JavaThread "Execution worker for ':' Thread 3" [_thread_in_vm, id=12788, stack(0x0000000027790000,0x0000000027890000)]
  0x0000000021d6c000 JavaThread "Execution worker for ':' Thread 2" [_thread_blocked, id=2436, stack(0x0000000026d90000,0x0000000026e90000)]
  0x0000000021d6b000 JavaThread "Execution worker for ':'" [_thread_in_vm, id=20692, stack(0x0000000026a90000,0x0000000026b90000)]
  0x0000000021d6a800 JavaThread "Cache worker for file content cache (F:\CBR\lixiaomodel\.gradle\5.6.4\fileContent)" [_thread_blocked, id=21412, stack(0x0000000026990000,0x0000000026a90000)]
  0x0000000021d62000 JavaThread "Cache worker for Build Output Cleanup Cache (F:\CBR\lixiaomodel\.gradle\buildOutputCleanup)" [_thread_blocked, id=21000, stack(0x0000000026890000,0x0000000026990000)]
  0x0000000021d69000 JavaThread "pool-8-thread-1" [_thread_blocked, id=9516, stack(0x0000000026790000,0x0000000026890000)]
  0x0000000021d68000 JavaThread "Build operations Thread 16" [_thread_blocked, id=6564, stack(0x0000000026190000,0x0000000026290000)]
  0x0000000021d67800 JavaThread "Build operations Thread 15" [_thread_blocked, id=2936, stack(0x0000000026090000,0x0000000026190000)]
  0x0000000021d61000 JavaThread "Build operations Thread 14" [_thread_blocked, id=17712, stack(0x0000000025f90000,0x0000000026090000)]
  0x0000000021d64000 JavaThread "Build operations Thread 13" [_thread_blocked, id=9240, stack(0x0000000025870000,0x0000000025970000)]
  0x0000000021d60800 JavaThread "Build operations Thread 12" [_thread_blocked, id=19588, stack(0x0000000025770000,0x0000000025870000)]
  0x0000000021d66800 JavaThread "Build operations Thread 11" [_thread_blocked, id=20032, stack(0x0000000024c40000,0x0000000024d40000)]
  0x0000000021d62800 JavaThread "Build operations Thread 10" [_thread_blocked, id=8756, stack(0x0000000024740000,0x0000000024840000)]
  0x0000000021d63800 JavaThread "Build operations Thread 9" [_thread_blocked, id=21124, stack(0x0000000024240000,0x0000000024340000)]
  0x0000000021d65800 JavaThread "Build operations Thread 8" [_thread_blocked, id=13840, stack(0x0000000024140000,0x0000000024240000)]
  0x0000000021d5e000 JavaThread "Build operations Thread 7" [_thread_blocked, id=20920, stack(0x0000000024040000,0x0000000024140000)]
  0x000000001c362000 JavaThread "Build operations Thread 6" [_thread_blocked, id=2808, stack(0x0000000023f40000,0x0000000024040000)]
  0x000000001c361800 JavaThread "Build operations Thread 5" [_thread_blocked, id=12552, stack(0x0000000023e40000,0x0000000023f40000)]
  0x000000001c35f800 JavaThread "Build operations Thread 4" [_thread_blocked, id=18520, stack(0x0000000023d40000,0x0000000023e40000)]
  0x000000001c35e000 JavaThread "Build operations Thread 3" [_thread_blocked, id=12608, stack(0x0000000023c40000,0x0000000023d40000)]
  0x000000001c35d800 JavaThread "Build operations Thread 2" [_thread_blocked, id=3788, stack(0x0000000023b40000,0x0000000023c40000)]
  0x000000001c356000 JavaThread "Build operations" [_thread_blocked, id=1300, stack(0x0000000023840000,0x0000000023940000)]
  0x000000001c355000 JavaThread "Cache worker for cache directory md-rule (C:\Users\Administrator\.gradle\caches\5.6.4\md-rule)" [_thread_blocked, id=13704, stack(0x0000000023740000,0x0000000023840000)]
  0x000000001c35c000 JavaThread "Cache worker for cache directory md-supplier (C:\Users\Administrator\.gradle\caches\5.6.4\md-supplier)" [_thread_blocked, id=19608, stack(0x0000000023640000,0x0000000023740000)]
  0x000000001c354800 JavaThread "Cache worker for file hash cache (F:\CBR\lixiaomodel\.gradle\5.6.4\fileHashes)" [_thread_blocked, id=3296, stack(0x0000000023540000,0x0000000023640000)]
  0x000000001c359800 JavaThread "Thread-141" [_thread_blocked, id=21476, stack(0x0000000023440000,0x0000000023540000)]
  0x000000001c359000 JavaThread "Stdin handler" [_thread_blocked, id=10660, stack(0x0000000023340000,0x0000000023440000)]
  0x000000001c35b000 JavaThread "Asynchronous log dispatcher for DefaultDaemonConnection: socket connection from /127.0.0.1:18760 to /127.0.0.1:18882" [_thread_blocked, id=16208, stack(0x000000001fe80000,0x000000001ff80000)]
  0x000000001c35a800 JavaThread "Daemon worker Thread 2" [_thread_blocked, id=14940, stack(0x000000001e6b0000,0x000000001e7b0000)]
  0x000000001c358000 JavaThread "Cancel handler" [_thread_blocked, id=12948, stack(0x000000001e3b0000,0x000000001e4b0000)]
  0x000000001c353800 JavaThread "Handler for socket connection from /127.0.0.1:18760 to /127.0.0.1:18882" [_thread_in_native, id=2344, stack(0x000000001cee0000,0x000000001cfe0000)]
  0x000000001c357800 JavaThread "Daemon Thread 2" [_thread_blocked, id=1968, stack(0x00000000006d0000,0x00000000007d0000)]
  0x0000000021d65000 JavaThread "ForkJoinPool.commonPool-worker-6" daemon [_thread_blocked, id=14228, stack(0x000000002fd90000,0x000000002fe90000)]
  0x0000000021d5f000 JavaThread "ForkJoinPool.commonPool-worker-13" daemon [_thread_blocked, id=7364, stack(0x000000002fc90000,0x000000002fd90000)]
  0x000000001d4aa800 JavaThread "Cache worker for file content cache (C:\Users\Administrator\.gradle\caches\5.6.4\fileContent)" [_thread_blocked, id=19148, stack(0x0000000025670000,0x0000000025770000)]
  0x000000001d4a9000 JavaThread "Memory manager" [_thread_blocked, id=19104, stack(0x0000000024d40000,0x0000000024e40000)]
  0x000000001d34f800 JavaThread "Cache worker for execution history cache (C:\Users\Administrator\.gradle\caches\5.6.4\executionHistory)" [_thread_blocked, id=6016, stack(0x0000000022f40000,0x0000000023040000)]
  0x000000001d34e000 JavaThread "Cache worker for journal cache (C:\Users\Administrator\.gradle\caches\journal-1)" [_thread_blocked, id=5492, stack(0x000000001ebb0000,0x000000001ecb0000)]
  0x000000001d353000 JavaThread "File lock request listener" [_thread_in_native, id=21380, stack(0x000000001eab0000,0x000000001ebb0000)]
  0x000000001d354800 JavaThread "Cache worker for file hash cache (C:\Users\Administrator\.gradle\caches\5.6.4\fileHashes)" [_thread_blocked, id=8752, stack(0x000000001e9b0000,0x000000001eab0000)]
  0x000000001c9f3800 JavaThread "Daemon periodic checks" [_thread_blocked, id=19724, stack(0x000000001cde0000,0x000000001cee0000)]
  0x000000001c9fd000 JavaThread "Incoming local TCP Connector on port 18760" [_thread_in_native, id=10388, stack(0x000000001b240000,0x000000001b340000)]
  0x000000001c912000 JavaThread "Daemon health stats" [_thread_blocked, id=2228, stack(0x000000001b120000,0x000000001b220000)]
  0x0000000018898800 JavaThread "Service Thread" daemon [_thread_blocked, id=17100, stack(0x000000001af20000,0x000000001b020000)]
  0x00000000187ce800 JavaThread "C1 CompilerThread11" daemon [_thread_blocked, id=11604, stack(0x000000001ae20000,0x000000001af20000)]
  0x00000000187cc000 JavaThread "C1 CompilerThread10" daemon [_thread_blocked, id=15168, stack(0x000000001ad20000,0x000000001ae20000)]
  0x00000000187ca800 JavaThread "C1 CompilerThread9" daemon [_thread_blocked, id=10184, stack(0x000000001ac20000,0x000000001ad20000)]
  0x00000000187d0000 JavaThread "C1 CompilerThread8" daemon [_thread_blocked, id=16808, stack(0x000000001ab20000,0x000000001ac20000)]
  0x00000000187ca000 JavaThread "C2 CompilerThread7" daemon [_thread_blocked, id=8336, stack(0x000000001aa20000,0x000000001ab20000)]
  0x00000000187cd000 JavaThread "C2 CompilerThread6" daemon [_thread_in_vm, id=20652, stack(0x000000001a920000,0x000000001aa20000)]
  0x00000000187cd800 JavaThread "C2 CompilerThread5" daemon [_thread_blocked, id=15864, stack(0x000000001a820000,0x000000001a920000)]
  0x00000000187c9000 JavaThread "C2 CompilerThread4" daemon [_thread_in_native, id=5864, stack(0x000000001a720000,0x000000001a820000)]
  0x00000000187cf000 JavaThread "C2 CompilerThread3" daemon [_thread_in_native, id=13424, stack(0x000000001a620000,0x000000001a720000)]
  0x00000000187c6800 JavaThread "C2 CompilerThread2" daemon [_thread_blocked, id=12656, stack(0x000000001a520000,0x000000001a620000)]
  0x0000000016cde800 JavaThread "C2 CompilerThread1" daemon [_thread_in_native, id=18816, stack(0x000000001a420000,0x000000001a520000)]
  0x0000000016cdc000 JavaThread "C2 CompilerThread0" daemon [_thread_blocked, id=19312, stack(0x000000001a320000,0x000000001a420000)]
  0x000000001876a000 JavaThread "Attach Listener" daemon [_thread_blocked, id=10264, stack(0x000000001a220000,0x000000001a320000)]
  0x00000000187bd800 JavaThread "Signal Dispatcher" daemon [_thread_blocked, id=6268, stack(0x000000001a120000,0x000000001a220000)]
  0x0000000018746800 JavaThread "Finalizer" daemon [_thread_blocked, id=19128, stack(0x0000000019fb0000,0x000000001a0b0000)]
  0x0000000016cca000 JavaThread "Reference Handler" daemon [_thread_blocked, id=13536, stack(0x0000000019eb0000,0x0000000019fb0000)]
  0x00000000028e0800 JavaThread "main" [_thread_blocked, id=17036, stack(0x00000000027e0000,0x00000000028e0000)]

Other Threads:
  0x0000000018721800 VMThread [stack: 0x0000000019db0000,0x0000000019eb0000] [id=20364]
  0x000000001890c000 WatcherThread [stack: 0x000000001b020000,0x000000001b120000] [id=11012]

VM state:synchronizing (normal execution)

VM Mutex/Monitor currently owned by a thread:  ([mutex/lock_event])
[0x000000000239c830] Safepoint_lock - owner thread: 0x0000000018721800
[0x000000000239c230] Threads_lock - owner thread: 0x0000000018721800
[0x000000000239e640] CompiledIC_lock - owner thread: 0x000000002b173000

Heap:
 PSYoungGen      total 392704K, used 363921K [0x00000000e0000000, 0x0000000100000000, 0x0000000100000000)
  eden space 331776K, 99% used [0x00000000e0000000,0x00000000f41abd48,0x00000000f4400000)
  from space 60928K, 56% used [0x00000000f4400000,0x00000000f65b8ab0,0x00000000f7f80000)
  to   space 60416K, 0% used [0x00000000fc500000,0x00000000fc500000,0x0000000100000000)
 ParOldGen       total 315392K, used 105235K [0x00000000a0000000, 0x00000000b3400000, 0x00000000e0000000)
  object space 315392K, 33% used [0x00000000a0000000,0x00000000a66c4ce8,0x00000000b3400000)
 Metaspace       used 106325K, capacity 111720K, committed 113868K, reserved 1146880K
  class space    used 13935K, capacity 15013K, committed 15616K, reserved 1048576K

Card table byte_map: [0x0000000011db0000,0x00000000120c0000] byte_map_base: 0x00000000118b0000

Marking Bits: (ParMarkBitMap*) 0x000000006098b6d0
 Begin Bits: [0x0000000012fc0000, 0x00000000147c0000)
 End Bits:   [0x00000000147c0000, 0x0000000015fc0000)

Polling page: 0x0000000002380000

CodeCache: size=245760Kb used=72517Kb max_used=73524Kb free=173242Kb
 bounds [0x00000000029f0000, 0x0000000007220000, 0x00000000119f0000]
 total_blobs=20891 nmethods=19879 adapters=917
 compilation: enabled

Compilation events (10 events):
Event: 161.658 Thread 0x00000000187cc000 nmethod 24632 0x00000000069e3910 code [0x00000000069e3a60, 0x00000000069e3bd0]
Event: 161.668 Thread 0x00000000187ca800 24633       2       com.android.tools.r8.ir.regalloc.i$$Lambda$1693/1371660233::apply (8 bytes)
Event: 161.668 Thread 0x00000000187d0000 24634       2       com.android.tools.r8.ir.regalloc.i::b (8 bytes)
Event: 161.669 Thread 0x00000000187d0000 nmethod 24634 0x00000000068928d0 code [0x0000000006892a60, 0x0000000006892ca8]
Event: 161.669 Thread 0x00000000187ca800 nmethod 24633 0x000000000642a1d0 code [0x000000000642a360, 0x000000000642a608]
Event: 161.676 Thread 0x00000000187ce800 24640       2       com.android.tools.r8.u.b.X0::m0 (2 bytes)
Event: 161.676 Thread 0x00000000187ce800 nmethod 24640 0x00000000069f1fd0 code [0x00000000069f2120, 0x00000000069f2270]
Event: 161.680 Thread 0x00000000187cc000 24642 %     3       com.android.tools.r8.v.a.a.a.h.T0::f @ 105 (193 bytes)
Event: 161.682 Thread 0x00000000187cc000 nmethod 24642% 0x00000000066e7dd0 code [0x00000000066e8020, 0x00000000066e8db8]
Event: 161.687 Thread 0x00000000187d0000 24644 %     3       com.android.tools.r8.ir.regalloc.LinearScanRegisterAllocator::a @ 33 (572 bytes)

GC Heap History (10 events):
Event: 150.190 GC heap before
{Heap before GC invocations=19 (full 4):
 PSYoungGen      total 315392K, used 281600K [0x00000000e0000000, 0x00000000f5d00000, 0x0000000100000000)
  eden space 281600K, 100% used [0x00000000e0000000,0x00000000f1300000,0x00000000f1300000)
  from space 33792K, 0% used [0x00000000f3c00000,0x00000000f3c00000,0x00000000f5d00000)
  to   space 37888K, 0% used [0x00000000f1300000,0x00000000f1300000,0x00000000f3800000)
 ParOldGen       total 315392K, used 61537K [0x00000000a0000000, 0x00000000b3400000, 0x00000000e0000000)
  object space 315392K, 19% used [0x00000000a0000000,0x00000000a3c18500,0x00000000b3400000)
 Metaspace       used 95376K, capacity 100590K, committed 103116K, reserved 1138688K
  class space    used 12878K, capacity 13888K, committed 14592K, reserved 1048576K
Event: 150.206 GC heap after
Heap after GC invocations=19 (full 4):
 PSYoungGen      total 319488K, used 25460K [0x00000000e0000000, 0x00000000f8180000, 0x0000000100000000)
  eden space 281600K, 0% used [0x00000000e0000000,0x00000000e0000000,0x00000000f1300000)
  from space 37888K, 67% used [0x00000000f1300000,0x00000000f2bdd048,0x00000000f3800000)
  to   space 38912K, 0% used [0x00000000f5b80000,0x00000000f5b80000,0x00000000f8180000)
 ParOldGen       total 315392K, used 61545K [0x00000000a0000000, 0x00000000b3400000, 0x00000000e0000000)
  object space 315392K, 19% used [0x00000000a0000000,0x00000000a3c1a500,0x00000000b3400000)
 Metaspace       used 95376K, capacity 100590K, committed 103116K, reserved 1138688K
  class space    used 12878K, capacity 13888K, committed 14592K, reserved 1048576K
}
Event: 156.161 GC heap before
{Heap before GC invocations=20 (full 4):
 PSYoungGen      total 319488K, used 307060K [0x00000000e0000000, 0x00000000f8180000, 0x0000000100000000)
  eden space 281600K, 100% used [0x00000000e0000000,0x00000000f1300000,0x00000000f1300000)
  from space 37888K, 67% used [0x00000000f1300000,0x00000000f2bdd048,0x00000000f3800000)
  to   space 38912K, 0% used [0x00000000f5b80000,0x00000000f5b80000,0x00000000f8180000)
 ParOldGen       total 315392K, used 61545K [0x00000000a0000000, 0x00000000b3400000, 0x00000000e0000000)
  object space 315392K, 19% used [0x00000000a0000000,0x00000000a3c1a500,0x00000000b3400000)
 Metaspace       used 102185K, capacity 107454K, committed 109644K, reserved 1144832K
  class space    used 13644K, capacity 14664K, committed 15232K, reserved 1048576K
Event: 156.178 GC heap after
Heap after GC invocations=20 (full 4):
 PSYoungGen      total 351744K, used 28973K [0x00000000e0000000, 0x00000000f8100000, 0x0000000100000000)
  eden space 313344K, 0% used [0x00000000e0000000,0x00000000e0000000,0x00000000f3200000)
  from space 38400K, 75% used [0x00000000f5b80000,0x00000000f77cb648,0x00000000f8100000)
  to   space 40448K, 0% used [0x00000000f3200000,0x00000000f3200000,0x00000000f5980000)
 ParOldGen       total 315392K, used 61553K [0x00000000a0000000, 0x00000000b3400000, 0x00000000e0000000)
  object space 315392K, 19% used [0x00000000a0000000,0x00000000a3c1c500,0x00000000b3400000)
 Metaspace       used 102185K, capacity 107454K, committed 109644K, reserved 1144832K
  class space    used 13644K, capacity 14664K, committed 15232K, reserved 1048576K
}
Event: 160.572 GC heap before
{Heap before GC invocations=21 (full 4):
 PSYoungGen      total 351744K, used 342317K [0x00000000e0000000, 0x00000000f8100000, 0x0000000100000000)
  eden space 313344K, 100% used [0x00000000e0000000,0x00000000f3200000,0x00000000f3200000)
  from space 38400K, 75% used [0x00000000f5b80000,0x00000000f77cb648,0x00000000f8100000)
  to   space 40448K, 0% used [0x00000000f3200000,0x00000000f3200000,0x00000000f5980000)
 ParOldGen       total 315392K, used 61561K [0x00000000a0000000, 0x00000000b3400000, 0x00000000e0000000)
  object space 315392K, 19% used [0x00000000a0000000,0x00000000a3c1e510,0x00000000b3400000)
 Metaspace       used 105738K, capacity 110996K, committed 113228K, reserved 1146880K
  class space    used 13896K, capacity 14945K, committed 15488K, reserved 1048576K
Event: 160.611 GC heap after
Heap after GC invocations=21 (full 4):
 PSYoungGen      total 353792K, used 40436K [0x00000000e0000000, 0x00000000fb280000, 0x0000000100000000)
  eden space 313344K, 0% used [0x00000000e0000000,0x00000000e0000000,0x00000000f3200000)
  from space 40448K, 99% used [0x00000000f3200000,0x00000000f597d0f8,0x00000000f5980000)
  to   space 52224K, 0% used [0x00000000f7f80000,0x00000000f7f80000,0x00000000fb280000)
 ParOldGen       total 315392K, used 78140K [0x00000000a0000000, 0x00000000b3400000, 0x00000000e0000000)
  object space 315392K, 24% used [0x00000000a0000000,0x00000000a4c4f3d8,0x00000000b3400000)
 Metaspace       used 105738K, capacity 110996K, committed 113228K, reserved 1146880K
  class space    used 13896K, capacity 14945K, committed 15488K, reserved 1048576K
}
Event: 161.059 GC heap before
{Heap before GC invocations=22 (full 4):
 PSYoungGen      total 353792K, used 353780K [0x00000000e0000000, 0x00000000fb280000, 0x0000000100000000)
  eden space 313344K, 100% used [0x00000000e0000000,0x00000000f3200000,0x00000000f3200000)
  from space 40448K, 99% used [0x00000000f3200000,0x00000000f597d0f8,0x00000000f5980000)
  to   space 52224K, 0% used [0x00000000f7f80000,0x00000000f7f80000,0x00000000fb280000)
 ParOldGen       total 315392K, used 78144K [0x00000000a0000000, 0x00000000b3400000, 0x00000000e0000000)
  object space 315392K, 24% used [0x00000000a0000000,0x00000000a4c50398,0x00000000b3400000)
 Metaspace       used 106036K, capacity 111290K, committed 113228K, reserved 1146880K
  class space    used 13914K, capacity 14970K, committed 15488K, reserved 1048576K
Event: 161.097 GC heap after
Heap after GC invocations=22 (full 4):
 PSYoungGen      total 384000K, used 52208K [0x00000000e0000000, 0x00000000fe880000, 0x0000000100000000)
  eden space 331776K, 0% used [0x00000000e0000000,0x00000000e0000000,0x00000000f4400000)
  from space 52224K, 99% used [0x00000000f7f80000,0x00000000fb27c350,0x00000000fb280000)
  to   space 60928K, 0% used [0x00000000f4400000,0x00000000f4400000,0x00000000f7f80000)
 ParOldGen       total 315392K, used 81101K [0x00000000a0000000, 0x00000000b3400000, 0x00000000e0000000)
  object space 315392K, 25% used [0x00000000a0000000,0x00000000a4f335e0,0x00000000b3400000)
 Metaspace       used 106036K, capacity 111290K, committed 113228K, reserved 1146880K
  class space    used 13914K, capacity 14970K, committed 15488K, reserved 1048576K
}
Event: 161.453 GC heap before
{Heap before GC invocations=23 (full 4):
 PSYoungGen      total 384000K, used 383984K [0x00000000e0000000, 0x00000000fe880000, 0x0000000100000000)
  eden space 331776K, 100% used [0x00000000e0000000,0x00000000f4400000,0x00000000f4400000)
  from space 52224K, 99% used [0x00000000f7f80000,0x00000000fb27c350,0x00000000fb280000)
  to   space 60928K, 0% used [0x00000000f4400000,0x00000000f4400000,0x00000000f7f80000)
 ParOldGen       total 315392K, used 81101K [0x00000000a0000000, 0x00000000b3400000, 0x00000000e0000000)
  object space 315392K, 25% used [0x00000000a0000000,0x00000000a4f335e0,0x00000000b3400000)
 Metaspace       used 106252K, capacity 111538K, committed 113484K, reserved 1146880K
  class space    used 13931K, capacity 14978K, committed 15488K, reserved 1048576K
Event: 161.487 GC heap after
Heap after GC invocations=23 (full 4):
 PSYoungGen      total 392704K, used 34530K [0x00000000e0000000, 0x0000000100000000, 0x0000000100000000)
  eden space 331776K, 0% used [0x00000000e0000000,0x00000000e0000000,0x00000000f4400000)
  from space 60928K, 56% used [0x00000000f4400000,0x00000000f65b8ab0,0x00000000f7f80000)
  to   space 60416K, 0% used [0x00000000fc500000,0x00000000fc500000,0x0000000100000000)
 ParOldGen       total 315392K, used 105235K [0x00000000a0000000, 0x00000000b3400000, 0x00000000e0000000)
  object space 315392K, 33% used [0x00000000a0000000,0x00000000a66c4ce8,0x00000000b3400000)
 Metaspace       used 106252K, capacity 111538K, committed 113484K, reserved 1146880K
  class space    used 13931K, capacity 14978K, committed 15488K, reserved 1048576K
}

Deoptimization events (10 events):
Event: 161.160 Thread 0x000000002b16c800 Uncommon trap: reason=unstable_if action=reinterpret pc=0x0000000003a08efc method=com.android.tools.r8.B.a.a.f.a(II[C)Ljava/lang/String; @ 59
Event: 161.160 Thread 0x000000002b16c800 Uncommon trap: reason=unstable_if action=reinterpret pc=0x000000000705248c method=com.android.tools.r8.graph.d0.a(C)I @ 16
Event: 161.160 Thread 0x000000002b16c800 Uncommon trap: reason=unstable_if action=reinterpret pc=0x00000000046adc98 method=com.android.tools.r8.graph.d0.a(C[BI)I @ 27
Event: 161.161 Thread 0x000000002b16c800 Uncommon trap: reason=unstable_if action=reinterpret pc=0x0000000004ca10ac method=com.android.tools.r8.graph.d0.a(C)I @ 16
Event: 161.212 Thread 0x000000002b16c800 Uncommon trap: reason=unstable_if action=reinterpret pc=0x00000000070a3330 method=com.android.tools.r8.B.a.a.B.a()Ljava/lang/String; @ 8
Event: 161.292 Thread 0x000000002b16b000 Uncommon trap: reason=unstable_if action=reinterpret pc=0x0000000007138124 method=com.android.tools.r8.u.b.O0.b()Z @ 5
Event: 161.292 Thread 0x000000002b16b000 Uncommon trap: reason=unstable_if action=reinterpret pc=0x0000000003f964d4 method=com.android.tools.r8.u.b.O0.b()Z @ 5
Event: 161.440 Thread 0x000000002b175000 Uncommon trap: reason=class_check action=maybe_recompile pc=0x000000000502a1cc method=com.android.tools.r8.ir.optimize.h.i(Lcom/android/tools/r8/u/b/T;)V @ 420
Event: 161.444 Thread 0x000000002b175000 Uncommon trap: reason=class_check action=maybe_recompile pc=0x000000000502a1cc method=com.android.tools.r8.ir.optimize.h.i(Lcom/android/tools/r8/u/b/T;)V @ 420
Event: 161.507 Thread 0x000000002b171800 Uncommon trap: reason=unstable_if action=reinterpret pc=0x0000000007157db8 method=com.android.tools.r8.graph.s0$c.a()V @ 390

Internal exceptions (10 events):
Event: 161.151 Thread 0x000000002b175800 Exception <a 'sun/nio/fs/WindowsException'> (0x00000000e2502308) thrown at [C:\re\workspace\8-2-build-windows-amd64-cygwin\jdk8u121\8372\hotspot\src\share\vm\prims\jni.cpp, line 709]
Event: 161.172 Thread 0x000000002b170000 Exception <a 'sun/nio/fs/WindowsException'> (0x00000000e3848098) thrown at [C:\re\workspace\8-2-build-windows-amd64-cygwin\jdk8u121\8372\hotspot\src\share\vm\prims\jni.cpp, line 709]
Event: 161.213 Thread 0x000000002b176800 Exception <a 'sun/nio/fs/WindowsException'> (0x00000000e25728b0) thrown at [C:\re\workspace\8-2-build-windows-amd64-cygwin\jdk8u121\8372\hotspot\src\share\vm\prims\jni.cpp, line 709]
Event: 161.286 Thread 0x000000002b177000 Exception <a 'sun/nio/fs/WindowsException'> (0x00000000e01d5988) thrown at [C:\re\workspace\8-2-build-windows-amd64-cygwin\jdk8u121\8372\hotspot\src\share\vm\prims\jni.cpp, line 709]
Event: 161.302 Thread 0x000000002b175800 Exception <a 'sun/nio/fs/WindowsException'> (0x00000000eb2f6ce8) thrown at [C:\re\workspace\8-2-build-windows-amd64-cygwin\jdk8u121\8372\hotspot\src\share\vm\prims\jni.cpp, line 709]
Event: 161.367 Thread 0x000000002b177000 Exception <a 'sun/nio/fs/WindowsException'> (0x00000000eec3d200) thrown at [C:\re\workspace\8-2-build-windows-amd64-cygwin\jdk8u121\8372\hotspot\src\share\vm\prims\jni.cpp, line 709]
Event: 161.377 Thread 0x000000001c35a800 Exception <a 'sun/nio/fs/WindowsException'> (0x00000000ee860ed8) thrown at [C:\re\workspace\8-2-build-windows-amd64-cygwin\jdk8u121\8372\hotspot\src\share\vm\prims\jni.cpp, line 709]
Event: 161.504 Thread 0x000000002b171800 Exception <a 'sun/nio/fs/WindowsException'> (0x00000000e1017538) thrown at [C:\re\workspace\8-2-build-windows-amd64-cygwin\jdk8u121\8372\hotspot\src\share\vm\prims\jni.cpp, line 709]
Event: 161.562 Thread 0x000000002b170000 Exception <a 'sun/nio/fs/WindowsException'> (0x00000000e018d490) thrown at [C:\re\workspace\8-2-build-windows-amd64-cygwin\jdk8u121\8372\hotspot\src\share\vm\prims\jni.cpp, line 709]
Event: 161.580 Thread 0x000000002b170000 Exception <a 'sun/nio/fs/WindowsException'> (0x00000000e6510878) thrown at [C:\re\workspace\8-2-build-windows-amd64-cygwin\jdk8u121\8372\hotspot\src\share\vm\prims\jni.cpp, line 709]

Events (10 events):
Event: 161.630 Thread 0x00000000187cc000 flushing nmethod 0x0000000006c8b510
Event: 161.630 Thread 0x00000000187cc000 flushing nmethod 0x0000000006cba410
Event: 161.630 Thread 0x00000000187cc000 flushing nmethod 0x0000000006cbe210
Event: 161.630 Thread 0x00000000187cc000 flushing nmethod 0x0000000006cdf7d0
Event: 161.631 Thread 0x00000000187cc000 flushing nmethod 0x0000000006d74250
Event: 161.631 Thread 0x00000000187cc000 flushing nmethod 0x0000000006d88d90
Event: 161.631 Thread 0x00000000187cc000 flushing nmethod 0x0000000006d896d0
Event: 161.631 Thread 0x00000000187cc000 flushing nmethod 0x0000000006e42d10
Event: 161.655 Thread 0x000000002b172800 DEOPT PACKING pc=0x0000000004b50a84 sp=0x0000000027d8aa20
Event: 161.655 Thread 0x000000002b172800 DEOPT UNPACKING pc=0x0000000002a3747f sp=0x0000000027d8a8a0 mode 0


Dynamic libraries:
0x00007ff78ed60000 - 0x00007ff78ed97000 	C:\Java\jdk1.8.0_121\bin\java.exe
0x00007ffd4cf60000 - 0x00007ffd4d150000 	C:\WINDOWS\SYSTEM32\ntdll.dll
0x00007ffd4c0b0000 - 0x00007ffd4c162000 	C:\WINDOWS\System32\KERNEL32.DLL
0x00007ffd4a1b0000 - 0x00007ffd4a455000 	C:\WINDOWS\System32\KERNELBASE.dll
0x00007ffd4bee0000 - 0x00007ffd4bf83000 	C:\WINDOWS\System32\ADVAPI32.dll
0x00007ffd4bc60000 - 0x00007ffd4bcfe000 	C:\WINDOWS\System32\msvcrt.dll
0x00007ffd4bf90000 - 0x00007ffd4c027000 	C:\WINDOWS\System32\sechost.dll
0x00007ffd4c6a0000 - 0x00007ffd4c7bf000 	C:\WINDOWS\System32\RPCRT4.dll
0x00007ffd4c2f0000 - 0x00007ffd4c484000 	C:\WINDOWS\System32\USER32.dll
0x00007ffd4ad80000 - 0x00007ffd4ada1000 	C:\WINDOWS\System32\win32u.dll
0x00007ffd4c490000 - 0x00007ffd4c4b6000 	C:\WINDOWS\System32\GDI32.dll
0x00007ffd4a010000 - 0x00007ffd4a1a8000 	C:\WINDOWS\System32\gdi32full.dll
0x00007ffd4a560000 - 0x00007ffd4a5fe000 	C:\WINDOWS\System32\msvcp_win.dll
0x00007ffd4a460000 - 0x00007ffd4a55a000 	C:\WINDOWS\System32\ucrtbase.dll
0x00007ffd39560000 - 0x00007ffd397e4000 	C:\WINDOWS\WinSxS\amd64_microsoft.windows.common-controls_6595b64144ccf1df_6.0.18362.1440_none_9e7dbfb9e45e8e67\COMCTL32.dll
0x00007ffd4b410000 - 0x00007ffd4b746000 	C:\WINDOWS\System32\combase.dll
0x00007ffd49f80000 - 0x00007ffd4a001000 	C:\WINDOWS\System32\bcryptPrimitives.dll
0x00007ffd4bd00000 - 0x00007ffd4bd2e000 	C:\WINDOWS\System32\IMM32.DLL
0x0000000062910000 - 0x00000000629e2000 	C:\Java\jdk1.8.0_121\jre\bin\msvcr100.dll
0x0000000060170000 - 0x0000000060a0b000 	C:\Java\jdk1.8.0_121\jre\bin\server\jvm.dll
0x00007ffd4bc50000 - 0x00007ffd4bc58000 	C:\WINDOWS\System32\PSAPI.DLL
0x00007ffd46a30000 - 0x00007ffd46a54000 	C:\WINDOWS\SYSTEM32\WINMM.dll
0x00007ffd40ad0000 - 0x00007ffd40ad9000 	C:\WINDOWS\SYSTEM32\WSOCK32.dll
0x00007ffd4c040000 - 0x00007ffd4c0af000 	C:\WINDOWS\System32\WS2_32.dll
0x00007ffd499e0000 - 0x00007ffd499ea000 	C:\WINDOWS\SYSTEM32\VERSION.dll
0x00007ffd46a00000 - 0x00007ffd46a2d000 	C:\WINDOWS\SYSTEM32\winmmbase.dll
0x00007ffd49f30000 - 0x00007ffd49f7a000 	C:\WINDOWS\System32\cfgmgr32.dll
0x0000000062bc0000 - 0x0000000062bcf000 	C:\Java\jdk1.8.0_121\jre\bin\verify.dll
0x00000000628e0000 - 0x0000000062909000 	C:\Java\jdk1.8.0_121\jre\bin\java.dll
0x0000000062ba0000 - 0x0000000062bb6000 	C:\Java\jdk1.8.0_121\jre\bin\zip.dll
0x00007ffd4c7c0000 - 0x00007ffd4cea8000 	C:\WINDOWS\System32\SHELL32.dll
0x00007ffd4b070000 - 0x00007ffd4b117000 	C:\WINDOWS\System32\shcore.dll
0x00007ffd4a600000 - 0x00007ffd4ad7b000 	C:\WINDOWS\System32\windows.storage.dll
0x00007ffd49eb0000 - 0x00007ffd49ece000 	C:\WINDOWS\System32\profapi.dll
0x00007ffd49e20000 - 0x00007ffd49e6a000 	C:\WINDOWS\System32\powrprof.dll
0x00007ffd49e10000 - 0x00007ffd49e20000 	C:\WINDOWS\System32\UMPDC.dll
0x00007ffd4bbf0000 - 0x00007ffd4bc42000 	C:\WINDOWS\System32\shlwapi.dll
0x00007ffd49e70000 - 0x00007ffd49e81000 	C:\WINDOWS\System32\kernel.appcore.dll
0x00007ffd4ade0000 - 0x00007ffd4adf7000 	C:\WINDOWS\System32\cryptsp.dll
0x0000000062450000 - 0x000000006246a000 	C:\Java\jdk1.8.0_121\jre\bin\net.dll
0x00007ffd495e0000 - 0x00007ffd49647000 	C:\WINDOWS\system32\mswsock.dll
0x0000000062430000 - 0x0000000062441000 	C:\Java\jdk1.8.0_121\jre\bin\nio.dll
0x00007ffd37400000 - 0x00007ffd37426000 	C:\Users\Administrator\.gradle\native\30\windows-amd64\native-platform.dll
0x0000000062420000 - 0x000000006242d000 	C:\Java\jdk1.8.0_121\jre\bin\management.dll
0x00007ffd49160000 - 0x00007ffd49193000 	C:\WINDOWS\system32\rsaenh.dll
0x00007ffd4adb0000 - 0x00007ffd4add6000 	C:\WINDOWS\System32\bcrypt.dll
0x00007ffd49d30000 - 0x00007ffd49d55000 	C:\WINDOWS\SYSTEM32\USERENV.dll
0x00007ffd497b0000 - 0x00007ffd497bc000 	C:\WINDOWS\SYSTEM32\CRYPTBASE.dll
0x00007ffd492f0000 - 0x00007ffd4932a000 	C:\WINDOWS\SYSTEM32\IPHLPAPI.DLL
0x00007ffd4b770000 - 0x00007ffd4b778000 	C:\WINDOWS\System32\NSI.dll
0x00007ffd43e50000 - 0x00007ffd43e66000 	C:\WINDOWS\SYSTEM32\dhcpcsvc6.DLL
0x00007ffd44160000 - 0x00007ffd4417c000 	C:\WINDOWS\SYSTEM32\dhcpcsvc.DLL
0x00007ffd49330000 - 0x00007ffd493fb000 	C:\WINDOWS\SYSTEM32\DNSAPI.dll
0x0000000061680000 - 0x00000000616a4000 	C:\Java\jdk1.8.0_121\jre\bin\sunec.dll
0x00007ffd35800000 - 0x00007ffd3580a000 	C:\Windows\System32\rasadhlp.dll
0x00007ffd432e0000 - 0x00007ffd43357000 	C:\WINDOWS\System32\fwpuclnt.dll
0x0000000061670000 - 0x000000006167b000 	C:\Java\jdk1.8.0_121\jre\bin\sunmscapi.dll
0x00007ffd4aeb0000 - 0x00007ffd4b001000 	C:\WINDOWS\System32\CRYPT32.dll
0x00007ffd49e90000 - 0x00007ffd49ea2000 	C:\WINDOWS\System32\MSASN1.dll
0x00007ffd48de0000 - 0x00007ffd48e11000 	C:\WINDOWS\SYSTEM32\ntmarta.dll
0x00000000614d0000 - 0x0000000061668000 	C:\Java\jdk1.8.0_121\jre\bin\awt.dll
0x00007ffd4b340000 - 0x00007ffd4b405000 	C:\WINDOWS\System32\OLEAUT32.dll
0x00007ffd47ff0000 - 0x00007ffd4807f000 	C:\WINDOWS\SYSTEM32\apphelp.dll
0x00007ffd48510000 - 0x00007ffd4853d000 	C:\WINDOWS\system32\DWMAPI.DLL
0x00007ffd480f0000 - 0x00007ffd48189000 	C:\WINDOWS\system32\uxtheme.dll
0x00000000614a0000 - 0x00000000614ca000 	C:\Java\jdk1.8.0_121\jre\bin\dcpr.dll
0x00007ffd31d50000 - 0x00007ffd31f44000 	C:\WINDOWS\SYSTEM32\dbghelp.dll

VM Arguments:
jvm_args: -Xmx1536m -Dfile.encoding=GBK -Duser.country=CN -Duser.language=zh -Duser.variant 
java_command: org.gradle.launcher.daemon.bootstrap.GradleDaemon 5.6.4
java_class_path (initial): C:\Users\Administrator\.gradle\wrapper\dists\gradle-5.6.4-all\ankdp27end7byghfw1q2sw75f\gradle-5.6.4\lib\gradle-launcher-5.6.4.jar
Launcher Type: SUN_STANDARD

Environment Variables:
JAVA_HOME=C:\Java\jdk1.8.0_121
CLASSPATH=.;C:\Java\jdk1.8.0_121/lib/tools.jar;C:\Java\jdk1.8.0_121/lib/dt.jar
PATH=C:\Program Files (x86)\Common Files\Oracle\Java\javapath;C:\ProgramData\Oracle\Java\javapath;C:\WINDOWS\system32;C:\WINDOWS;C:\WINDOWS\System32\Wbem;C:\WINDOWS\System32\WindowsPowerShell\v1.0\;F:\TortoiseSVN\bin;C:\Program Files (x86)\NVIDIA Corporation\PhysX\Common;C:\Program Files\Microsoft SQL Server\130\Tools\Binn\;F:\Android\Sdk\platform-tools;D:\VisualSVN Server\bin;E:\nodejs\;E:\Git\cmd;C:\WINDOWS\System32\OpenSSH\;D:\VPN\bin;C:\Program Files\NVIDIA Corporation\NVIDIA NvDLISR;C:\WINDOWS\system32;C:\WINDOWS;C:\WINDOWS\System32\Wbem;C:\WINDOWS\System32\WindowsPowerShell\v1.0\;C:\WINDOWS\System32\OpenSSH\;;D:\Server\maven\bin;C:\Java\jdk1.8.0_121/bin;F:\Android\Sdk\platform-tools;C:\Users\Administrator\AppData\Roaming\npm;C:\Users\Administrator\AppData\Local\Microsoft\WindowsApps
USERNAME=Administrator
OS=Windows_NT
PROCESSOR_IDENTIFIER=AMD64 Family 23 Model 1 Stepping 1, AuthenticAMD



---------------  S Y S T E M  ---------------

OS: Windows 10.0 , 64 bit Build 18362 (10.0.18362.1350)

CPU:total 16 (16 cores per cpu, 1 threads per core) family 23 model 1 stepping 1, cmov, cx8, fxsr, mmx, sse, sse2, sse3, ssse3, sse4.1, sse4.2, popcnt, avx, avx2, aes, clmul, mmxext, 3dnowpref, lzcnt, sse4a, tsc, tscinvbit, tscinv, bmi1

Memory: 4k page, physical 16729248k(6604116k free), swap 18365540k(3254732k free)

vm_info: Java HotSpot(TM) 64-Bit Server VM (25.121-b13) for windows-amd64 JRE (1.8.0_121-b13), built on Dec 12 2016 18:21:36 by "java_re" with MS VC++ 10.0 (VS2010)

time: Mon Apr 26 11:48:22 2021
elapsed time: 161 seconds (0d 0h 2m 41s)

